<?xml version="1.0" encoding="UTF-8"?>
<!-- Generated by org.testng.reporters.JUnitReportReporter -->
<testsuite skipped="0" hostname="Vincents-MBP.fios-router.home" name="testngFiles.Annotations" tests="3" failures="0" timestamp="21 Mar 2018 14:27:51 GMT" time="0.009" errors="0">
  <testcase name="TestCase3" time="0.001" classname="testngFiles.Annotations"/>
  <testcase name="TestCase2" time="0.002" classname="testngFiles.Annotations"/>
  <testcase name="TestCase1" time="0.006" classname="testngFiles.Annotations"/>
</testsuite> <!-- testngFiles.Annotations -->
