<?xml version="1.0" encoding="UTF-8"?>
<!-- Generated by org.testng.reporters.JUnitReportReporter -->
<testsuite skipped="0" hostname="Vincents-MBP.fios-router.home" name="testngFiles2.Annotations" tests="3" failures="0" timestamp="20 Mar 2018 17:13:00 GMT" time="0.005" errors="0">
  <testcase name="TestCase2" time="0.001" classname="testngFiles2.Annotations"/>
  <testcase name="TestCase3" time="0.001" classname="testngFiles2.Annotations"/>
  <testcase name="TestCase1" time="0.003" classname="testngFiles2.Annotations"/>
</testsuite> <!-- testngFiles2.Annotations -->
