<?xml version="1.0" encoding="UTF-8"?>
<!-- Generated by org.testng.reporters.JUnitReportReporter -->
<testsuite hostname="Vincents-MBP.fios-router.home" name="Framework.appiumStartTest" tests="1" failures="0" timestamp="30 Mar 2018 04:01:33 GMT" time="5.022" errors="0">
  <testcase name="test" time="5.022" classname="Framework.appiumStartTest"/>
</testsuite> <!-- Framework.appiumStartTest -->
